Using pre-set license
Built from '2021.1/staging' branch; Version is '2021.1.7f1 (d91830b65d9b) revision 14227504'; Using compiler version '192528614'; Build Type 'Release'
OS: 'Windows 10 Pro; OS build 22000.527; Version 2009; 64bit' Language: 'pt' Physical Memory: 16300 MB
BatchMode: 1, IsHumanControllingUs: 0, StartBugReporterOnCrash: 0, Is64bit: 1, IsPro: 0

 COMMAND LINE ARGUMENTS:
F:\Program Files\Unity\Editor\Hub\2021.1.7f1\Editor\Unity.exe
-adb2
-batchMode
-noUpm
-name
AssetImportWorker0
-projectPath
H:/Projetos/FF6Wallpaper/WallpaperFF6Celes
-logFile
Logs/AssetImportWorker0.log
-srvPort
61088
Successfully changed project path to: H:/Projetos/FF6Wallpaper/WallpaperFF6Celes
H:/Projetos/FF6Wallpaper/WallpaperFF6Celes
Using Asset Import Pipeline V2.
Refreshing native plugins compatible for Editor in 107.97 ms, found 2 plugins.
Preloading 0 native plugins for Editor in 0.00 ms.
Initialize engine version: 2021.1.7f1 (d91830b65d9b)
[Subsystems] Discovering subsystems at path F:/Program Files/Unity/Editor/Hub/2021.1.7f1/Editor/Data/Resources/UnitySubsystems
[Subsystems] Discovering subsystems at path H:/Projetos/FF6Wallpaper/WallpaperFF6Celes/Assets
GfxDevice: creating device client; threaded=0; jobified=0
Direct3D:
    Version:  Direct3D 11.0 [level 11.1]
    Renderer: NVIDIA GeForce GTX 1660 (ID=0x2184)
    Vendor:   NVIDIA
    VRAM:     5992 MB
    Driver:   30.0.15.1179
Initialize mono
Mono path[0] = 'F:/Program Files/Unity/Editor/Hub/2021.1.7f1/Editor/Data/Managed'
Mono path[1] = 'F:/Program Files/Unity/Editor/Hub/2021.1.7f1/Editor/Data/MonoBleedingEdge/lib/mono/unityjit'
Mono config path = 'F:/Program Files/Unity/Editor/Hub/2021.1.7f1/Editor/Data/MonoBleedingEdge/etc'
Using monoOptions --debugger-agent=transport=dt_socket,embedding=1,server=y,suspend=n,address=127.0.0.1:56956
Begin MonoManager ReloadAssembly
Registering precompiled unity dll's ...
Register platform support module: F:/Program Files/Unity/Editor/Hub/2021.1.7f1/Editor/Data/PlaybackEngines/MacStandaloneSupport/UnityEditor.OSXStandalone.Extensions.dll
Register platform support module: F:/Program Files/Unity/Editor/Hub/2021.1.7f1/Editor/Data/PlaybackEngines/WindowsStandaloneSupport/UnityEditor.WindowsStandalone.Extensions.dll
Register platform support module: F:/Program Files/Unity/Editor/Hub/2021.1.7f1/Editor/Data/PlaybackEngines/LinuxStandaloneSupport/UnityEditor.LinuxStandalone.Extensions.dll
Registered in 0.001619 seconds.
Native extension for LinuxStandalone target not found
Native extension for WindowsStandalone target not found
Native extension for OSXStandalone target not found
Refreshing native plugins compatible for Editor in 104.96 ms, found 2 plugins.
Preloading 0 native plugins for Editor in 0.00 ms.
Mono: successfully reloaded assembly
- Completed reload, in  1.664 seconds
Platform modules already initialized, skipping
Registering precompiled user dll's ...
Registered in 0.002954 seconds.
Begin MonoManager ReloadAssembly
Symbol file LoadedFromMemory doesn't match image H:\Projetos\FF6Wallpaper\WallpaperFF6Celes\Library\PackageCache\com.unity.visualscripting@1.6.1\Editor\VisualScripting.Core\Dependencies\YamlDotNet\Unity.VisualScripting.YamlDotNet.dll
Symbol file LoadedFromMemory doesn't match image H:\Projetos\FF6Wallpaper\WallpaperFF6Celes\Library\PackageCache\com.unity.visualscripting@1.6.1\Editor\VisualScripting.Core\Dependencies\DotNetZip\Unity.VisualScripting.IonicZip.dll
Native extension for LinuxStandalone target not found
Native extension for WindowsStandalone target not found
Native extension for OSXStandalone target not found
Refreshing native plugins compatible for Editor in 110.82 ms, found 2 plugins.
Preloading 0 native plugins for Editor in 0.00 ms.
Mono: successfully reloaded assembly
- Completed reload, in  1.243 seconds
Platform modules already initialized, skipping
========================================================================
Worker process is ready to serve import requests
Launched and connected shader compiler UnityShaderCompiler.exe after 0.07 seconds
Refreshing native plugins compatible for Editor in 0.62 ms, found 2 plugins.
Preloading 0 native plugins for Editor in 0.00 ms.
Unloading 3401 Unused Serialized files (Serialized files now loaded: 0)
System memory in use before: 141.3 MB.
System memory in use after: 141.4 MB.

Unloading 24 unused Assets to reduce memory usage. Loaded Objects now: 3876.
Total: 3.280800 ms (FindLiveObjects: 0.361900 ms CreateObjectMapping: 0.492300 ms MarkObjects: 2.333300 ms  DeleteObjects: 0.091700 ms)

========================================================================
Received Import Request.
  path: Assets/Scenes/SampleScene/Lightmap-0_comp_light.exr
  artifactKey: Guid(542bd42caebcff64aa4b635b93ced123) Importer(815301076,1909f56bfc062723c751e8b465ee728b)
Start importing Assets/Scenes/SampleScene/Lightmap-0_comp_light.exr using Guid(542bd42caebcff64aa4b635b93ced123) Importer(815301076,1909f56bfc062723c751e8b465ee728b)  -> (artifact id: '3fa82d3b873a074cf8574f69b55fd6c8') in 0.122041 seconds 
========================================================================
Received Import Request.
  Time since last request: 0.000241 seconds.
  path: Assets/Scenes/SampleScene/ReflectionProbe-0.exr
  artifactKey: Guid(3a604d85c35afc04585f7596624af7b6) Importer(815301076,1909f56bfc062723c751e8b465ee728b)
Start importing Assets/Scenes/SampleScene/ReflectionProbe-0.exr using Guid(3a604d85c35afc04585f7596624af7b6) Importer(815301076,1909f56bfc062723c751e8b465ee728b)  -> (artifact id: '70f96580821a2b572c8393d1a355c696') in 0.058871 seconds 
========================================================================
Received Import Request.
  Time since last request: 0.000182 seconds.
  path: Assets/Scenes/SampleScene/Lightmap-0_comp_dir.png
  artifactKey: Guid(6fdc43d329a077c4eba5a02222d62314) Importer(815301076,1909f56bfc062723c751e8b465ee728b)
Start importing Assets/Scenes/SampleScene/Lightmap-0_comp_dir.png using Guid(6fdc43d329a077c4eba5a02222d62314) Importer(815301076,1909f56bfc062723c751e8b465ee728b)  -> (artifact id: 'b45a145866bfeb0eb7e94726058c65ce') in 0.037704 seconds 
========================================================================
Received Import Request.
  Time since last request: 0.000154 seconds.
  path: Assets/Texture/photo-1508778552286-12d4c6007799.jpg
  artifactKey: Guid(a8d92095c95edb14dafdfeed5c1b7897) Importer(815301076,1909f56bfc062723c751e8b465ee728b)
Start importing Assets/Texture/photo-1508778552286-12d4c6007799.jpg using Guid(a8d92095c95edb14dafdfeed5c1b7897) Importer(815301076,1909f56bfc062723c751e8b465ee728b)  -> (artifact id: '677aa30a7843e57b2b0aa43972120551') in 0.013779 seconds 
========================================================================
Received Prepare
Registering precompiled user dll's ...
Registered in 0.002959 seconds.
Begin MonoManager ReloadAssembly
Symbol file LoadedFromMemory doesn't match image H:\Projetos\FF6Wallpaper\WallpaperFF6Celes\Library\PackageCache\com.unity.visualscripting@1.6.1\Editor\VisualScripting.Core\Dependencies\YamlDotNet\Unity.VisualScripting.YamlDotNet.dll
Symbol file LoadedFromMemory doesn't match image H:\Projetos\FF6Wallpaper\WallpaperFF6Celes\Library\PackageCache\com.unity.visualscripting@1.6.1\Editor\VisualScripting.Core\Dependencies\DotNetZip\Unity.VisualScripting.IonicZip.dll
Native extension for LinuxStandalone target not found
Native extension for WindowsStandalone target not found
Native extension for OSXStandalone target not found
Refreshing native plugins compatible for Editor in 0.67 ms, found 2 plugins.
Preloading 0 native plugins for Editor in 0.00 ms.
Mono: successfully reloaded assembly
- Completed reload, in  1.011 seconds
Platform modules already initialized, skipping
Refreshing native plugins compatible for Editor in 0.65 ms, found 2 plugins.
Preloading 0 native plugins for Editor in 0.00 ms.
Unloading 3396 Unused Serialized files (Serialized files now loaded: 0)
System memory in use before: 150.0 MB.
System memory in use after: 150.3 MB.

Unloading 12 unused Assets to reduce memory usage. Loaded Objects now: 3976.
Total: 3.036500 ms (FindLiveObjects: 0.334000 ms CreateObjectMapping: 0.256100 ms MarkObjects: 2.393000 ms  DeleteObjects: 0.051900 ms)

========================================================================
Received Prepare
Registering precompiled user dll's ...
Registered in 0.002980 seconds.
Begin MonoManager ReloadAssembly
Symbol file LoadedFromMemory doesn't match image H:\Projetos\FF6Wallpaper\WallpaperFF6Celes\Library\PackageCache\com.unity.visualscripting@1.6.1\Editor\VisualScripting.Core\Dependencies\YamlDotNet\Unity.VisualScripting.YamlDotNet.dll
Symbol file LoadedFromMemory doesn't match image H:\Projetos\FF6Wallpaper\WallpaperFF6Celes\Library\PackageCache\com.unity.visualscripting@1.6.1\Editor\VisualScripting.Core\Dependencies\DotNetZip\Unity.VisualScripting.IonicZip.dll
Native extension for LinuxStandalone target not found
Native extension for WindowsStandalone target not found
Native extension for OSXStandalone target not found
Refreshing native plugins compatible for Editor in 0.70 ms, found 2 plugins.
Preloading 0 native plugins for Editor in 0.00 ms.
Mono: successfully reloaded assembly
- Completed reload, in  1.301 seconds
Platform modules already initialized, skipping
Refreshing native plugins compatible for Editor in 0.61 ms, found 2 plugins.
Preloading 0 native plugins for Editor in 0.00 ms.
Unloading 3392 Unused Serialized files (Serialized files now loaded: 0)
System memory in use before: 150.0 MB.
System memory in use after: 150.2 MB.

Unloading 12 unused Assets to reduce memory usage. Loaded Objects now: 3980.
Total: 3.639400 ms (FindLiveObjects: 0.355400 ms CreateObjectMapping: 0.273800 ms MarkObjects: 2.954600 ms  DeleteObjects: 0.054400 ms)

========================================================================
Received Import Request.
  Time since last request: 965.060573 seconds.
  path: Assets/Texture/Celes_Sprite.png
  artifactKey: Guid(9bda31be857f583438a6b4d37b07e810) Importer(815301076,1909f56bfc062723c751e8b465ee728b)
Start importing Assets/Texture/Celes_Sprite.png using Guid(9bda31be857f583438a6b4d37b07e810) Importer(815301076,1909f56bfc062723c751e8b465ee728b)  -> (artifact id: 'cf6f2ba691027dafea04576d35c3207e') in 0.062790 seconds 
========================================================================
Received Import Request.
  Time since last request: 8.471332 seconds.
  path: Assets/Texture/curtain.png
  artifactKey: Guid(abace545a3abc4e42a71237b683eef10) Importer(815301076,1909f56bfc062723c751e8b465ee728b)
Start importing Assets/Texture/curtain.png using Guid(abace545a3abc4e42a71237b683eef10) Importer(815301076,1909f56bfc062723c751e8b465ee728b)  -> (artifact id: 'ada16f598a9e27864e48192403691f45') in 0.038993 seconds 
========================================================================
Received Import Request.
  Time since last request: 13.626409 seconds.
  path: Assets/Texture/Public.psd
  artifactKey: Guid(3e87bbf906e45294bb6dd50d5b79b9f4) Importer(815301076,1909f56bfc062723c751e8b465ee728b)
Start importing Assets/Texture/Public.psd using Guid(3e87bbf906e45294bb6dd50d5b79b9f4) Importer(815301076,1909f56bfc062723c751e8b465ee728b)  -> (artifact id: '58def843a8186a1c794af736f3d35633') in 0.043189 seconds 
========================================================================
Received Import Request.
  Time since last request: 4.174027 seconds.
  path: Assets/Texture/Public.psd
  artifactKey: Guid(3e87bbf906e45294bb6dd50d5b79b9f4) Importer(815301076,1909f56bfc062723c751e8b465ee728b)
Start importing Assets/Texture/Public.psd using Guid(3e87bbf906e45294bb6dd50d5b79b9f4) Importer(815301076,1909f56bfc062723c751e8b465ee728b)  -> (artifact id: 'b2c62fa5030265fbb90e54d14686c399') in 0.016741 seconds 
========================================================================
Received Import Request.
  Time since last request: 4.294293 seconds.
  path: Assets/Texture/Public.psd
  artifactKey: Guid(3e87bbf906e45294bb6dd50d5b79b9f4) Importer(815301076,1909f56bfc062723c751e8b465ee728b)
Start importing Assets/Texture/Public.psd using Guid(3e87bbf906e45294bb6dd50d5b79b9f4) Importer(815301076,1909f56bfc062723c751e8b465ee728b)  -> (artifact id: '4dee2bf132d6c8acf7e797c790810c81') in 0.021990 seconds 
========================================================================
Received Import Request.
  Time since last request: 6.869905 seconds.
  path: Assets/Texture/Public.psd
  artifactKey: Guid(3e87bbf906e45294bb6dd50d5b79b9f4) Importer(815301076,1909f56bfc062723c751e8b465ee728b)
Start importing Assets/Texture/Public.psd using Guid(3e87bbf906e45294bb6dd50d5b79b9f4) Importer(815301076,1909f56bfc062723c751e8b465ee728b)  -> (artifact id: 'cc21e53db74b635e01f39e945a847768') in 0.017701 seconds 
========================================================================
Received Import Request.
  Time since last request: 22.139120 seconds.
  path: Assets/Texture/floo.jpg
  artifactKey: Guid(895b9044105ba9441955e6df746545b8) Importer(815301076,1909f56bfc062723c751e8b465ee728b)
Start importing Assets/Texture/floo.jpg using Guid(895b9044105ba9441955e6df746545b8) Importer(815301076,1909f56bfc062723c751e8b465ee728b)  -> (artifact id: '7a8919296d14d336703e41455335bbdc') in 0.012462 seconds 
========================================================================
Received Import Request.
  Time since last request: 3.293698 seconds.
  path: Assets/Texture/floo.jpg
  artifactKey: Guid(895b9044105ba9441955e6df746545b8) Importer(815301076,1909f56bfc062723c751e8b465ee728b)
Start importing Assets/Texture/floo.jpg using Guid(895b9044105ba9441955e6df746545b8) Importer(815301076,1909f56bfc062723c751e8b465ee728b)  -> (artifact id: 'c3596fe5095a9c9c0e2d1b43c2a8917e') in 0.021231 seconds 
========================================================================
Received Import Request.
  Time since last request: 3.066487 seconds.
  path: Assets/Texture/floo.jpg
  artifactKey: Guid(895b9044105ba9441955e6df746545b8) Importer(815301076,1909f56bfc062723c751e8b465ee728b)
Start importing Assets/Texture/floo.jpg using Guid(895b9044105ba9441955e6df746545b8) Importer(815301076,1909f56bfc062723c751e8b465ee728b)  -> (artifact id: '70cafb2983a25ec9c4baa44a5e69150c') in 0.013897 seconds 
========================================================================
Received Import Request.
  Time since last request: 18.662489 seconds.
  path: Assets/Texture/Celes_Sprite.png
  artifactKey: Guid(9bda31be857f583438a6b4d37b07e810) Importer(815301076,1909f56bfc062723c751e8b465ee728b)
Start importing Assets/Texture/Celes_Sprite.png using Guid(9bda31be857f583438a6b4d37b07e810) Importer(815301076,1909f56bfc062723c751e8b465ee728b)  -> (artifact id: '0b0e969459b5fe5db2965da8f25d62ec') in 0.022627 seconds 
========================================================================
Received Import Request.
  Time since last request: 3.256801 seconds.
  path: Assets/Texture/Celes_Sprite.png
  artifactKey: Guid(9bda31be857f583438a6b4d37b07e810) Importer(815301076,1909f56bfc062723c751e8b465ee728b)
Start importing Assets/Texture/Celes_Sprite.png using Guid(9bda31be857f583438a6b4d37b07e810) Importer(815301076,1909f56bfc062723c751e8b465ee728b)  -> (artifact id: '8f58c470b44c49aeee8f9e9870cd22c0') in 0.010849 seconds 
========================================================================
Received Prepare
Refreshing native plugins compatible for Editor in 3.48 ms, found 2 plugins.
Preloading 0 native plugins for Editor in 0.00 ms.
Unloading 10 Unused Serialized files (Serialized files now loaded: 0)
System memory in use before: 83.2 MB.
System memory in use after: 83.4 MB.

Unloading 10 unused Assets to reduce memory usage. Loaded Objects now: 4006.
Total: 4.345300 ms (FindLiveObjects: 0.380700 ms CreateObjectMapping: 0.324000 ms MarkObjects: 3.555500 ms  DeleteObjects: 0.082600 ms)

========================================================================
Received Prepare
Registering precompiled user dll's ...
Registered in 0.013276 seconds.
Begin MonoManager ReloadAssembly
Symbol file LoadedFromMemory doesn't match image H:\Projetos\FF6Wallpaper\WallpaperFF6Celes\Library\PackageCache\com.unity.visualscripting@1.6.1\Editor\VisualScripting.Core\Dependencies\YamlDotNet\Unity.VisualScripting.YamlDotNet.dll
Symbol file LoadedFromMemory doesn't match image H:\Projetos\FF6Wallpaper\WallpaperFF6Celes\Library\PackageCache\com.unity.visualscripting@1.6.1\Editor\VisualScripting.Core\Dependencies\DotNetZip\Unity.VisualScripting.IonicZip.dll
Native extension for LinuxStandalone target not found
Native extension for WindowsStandalone target not found
Native extension for OSXStandalone target not found
Refreshing native plugins compatible for Editor in 1.60 ms, found 2 plugins.
Preloading 0 native plugins for Editor in 0.00 ms.
Mono: successfully reloaded assembly
- Completed reload, in  4.993 seconds
Platform modules already initialized, skipping
Refreshing native plugins compatible for Editor in 1.15 ms, found 2 plugins.
Preloading 0 native plugins for Editor in 0.00 ms.
Unloading 3396 Unused Serialized files (Serialized files now loaded: 0)
System memory in use before: 154.8 MB.
System memory in use after: 155.0 MB.

Unloading 12 unused Assets to reduce memory usage. Loaded Objects now: 4157.
Total: 8.578100 ms (FindLiveObjects: 1.479600 ms CreateObjectMapping: 0.442500 ms MarkObjects: 6.416100 ms  DeleteObjects: 0.238200 ms)

AssetImportWorkerClient::OnTransportError - code=2 error=End of file
